[2021-08-23 16:42:44] production.ERROR: Parse error: syntax error, unexpected '?', expecting variable (T_VARIABLE) {"exception":"[object] (Symfony\\Component\\Debug\\Exception\\FatalThrowableError(code: 0): Parse error: syntax error, unexpected '?', expecting variable (T_VARIABLE) at C:\\wamp64\\www\\work\\treys\\vendor\\symfony\\translation\\Translator.php:91)
[stacktrace]
#0 C:\\wamp64\\www\\work\\treys\\vendor\\composer\\ClassLoader.php(322): Composer\\Autoload\\includeFile('C:\\\\wamp64\\\\www\\\\w...')
#1 [internal function]: Composer\\Autoload\\ClassLoader->loadClass('Symfony\\\\Compone...')
#2 C:\\wamp64\\www\\work\\treys\\vendor\
esbot\\carbon\\src\\Carbon\\Translator.php(7): spl_autoload_call('Symfony\\\\Compone...')
#3 C:\\wamp64\\www\\work\\treys\\vendor\\composer\\ClassLoader.php(444): include('C:\\\\wamp64\\\\www\\\\w...')
#4 C:\\wamp64\\www\\work\\treys\\vendor\\composer\\ClassLoader.php(322): Composer\\Autoload\\includeFile('C:\\\\wamp64\\\\www\\\\w...')
#5 [internal function]: Composer\\Autoload\\ClassLoader->loadClass('Carbon\\\\Translat...')
#6 C:\\wamp64\\www\\work\\treys\\vendor\
esbot\\carbon\\src\\Carbon\\Carbon.php(1632): spl_autoload_call('Carbon\\\\Translat...')
#7 C:\\wamp64\\www\\work\\treys\\vendor\
esbot\\carbon\\src\\Carbon\\Carbon.php(1679): Carbon\\Carbon::translator()
#8 C:\\wamp64\\www\\work\\treys\\vendor\
esbot\\carbon\\src\\Carbon\\Laravel\\ServiceProvider.php(29): Carbon\\Carbon::setLocale('en')
#9 C:\\wamp64\\www\\work\\treys\\vendor\
esbot\\carbon\\src\\Carbon\\Laravel\\ServiceProvider.php(21): Carbon\\Laravel\\ServiceProvider->updateLocale()
#10 [internal function]: Carbon\\Laravel\\ServiceProvider->boot()
#11 C:\\wamp64\\www\\work\\treys\\vendor\\laravel\\framework\\src\\Illuminate\\Container\\BoundMethod.php(29): call_user_func_array(Array, Array)
#12 C:\\wamp64\\www\\work\\treys\\vendor\\laravel\\framework\\src\\Illuminate\\Container\\BoundMethod.php(87): Illuminate\\Container\\BoundMethod::Illuminate\\Container\\{closure}()
#13 C:\\wamp64\\www\\work\\treys\\vendor\\laravel\\framework\\src\\Illuminate\\Container\\BoundMethod.php(31): Illuminate\\Container\\BoundMethod::callBoundMethod(Object(Illuminate\\Foundation\\Application), Array, Object(Closure))
#14 C:\\wamp64\\www\\work\\treys\\vendor\\laravel\\framework\\src\\Illuminate\\Container\\Container.php(549): Illuminate\\Container\\BoundMethod::call(Object(Illuminate\\Foundation\\Application), Array, Array, NULL)
#15 C:\\wamp64\\www\\work\\treys\\vendor\\laravel\\framework\\src\\Illuminate\\Foundation\\Application.php(792): Illuminate\\Container\\Container->call(Array)
#16 C:\\wamp64\\www\\work\\treys\\vendor\\laravel\\framework\\src\\Illuminate\\Foundation\\Application.php(775): Illuminate\\Foundation\\Application->bootProvider(Object(Carbon\\Laravel\\ServiceProvider))
#17 [internal function]: Illuminate\\Foundation\\Application->Illuminate\\Foundation\\{closure}(Object(Carbon\\Laravel\\ServiceProvider), 18)
#18 C:\\wamp64\\www\\work\\treys\\vendor\\laravel\\framework\\src\\Illuminate\\Foundation\\Application.php(776): array_walk(Array, Object(Closure))
#19 C:\\wamp64\\www\\work\\treys\\vendor\\laravel\\framework\\src\\Illuminate\\Foundation\\Bootstrap\\BootProviders.php(17): Illuminate\\Foundation\\Application->boot()
#20 C:\\wamp64\\www\\work\\treys\\vendor\\laravel\\framework\\src\\Illuminate\\Foundation\\Application.php(213): Illuminate\\Foundation\\Bootstrap\\BootProviders->bootstrap(Object(Illuminate\\Foundation\\Application))
#21 C:\\wamp64\\www\\work\\treys\\vendor\\laravel\\framework\\src\\Illuminate\\Foundation\\Http\\Kernel.php(162): Illuminate\\Foundation\\Application->bootstrapWith(Array)
#22 C:\\wamp64\\www\\work\\treys\\vendor\\laravel\\framework\\src\\Illuminate\\Foundation\\Http\\Kernel.php(146): Illuminate\\Foundation\\Http\\Kernel->bootstrap()
#23 C:\\wamp64\\www\\work\\treys\\vendor\\laravel\\framework\\src\\Illuminate\\Foundation\\Http\\Kernel.php(116): Illuminate\\Foundation\\Http\\Kernel->sendRequestThroughRouter(Object(Illuminate\\Http\\Request))
#24 C:\\wamp64\\www\\work\\treys\\public\\index.php(55): Illuminate\\Foundation\\Http\\Kernel->handle(Object(Illuminate\\Http\\Request))
#25 {main}
"} 
[2021-08-23 16:44:02] local.ERROR: Parse error: syntax error, unexpected '?', expecting variable (T_VARIABLE) {"exception":"[object] (Symfony\\Component\\Debug\\Exception\\FatalThrowableError(code: 0): Parse error: syntax error, unexpected '?', expecting variable (T_VARIABLE) at C:\\wamp64\\www\\work\\treys\\vendor\\symfony\\translation\\Translator.php:91)
[stacktrace]
#0 C:\\wamp64\\www\\work\\treys\\vendor\\composer\\ClassLoader.php(322): Composer\\Autoload\\includeFile('C:\\\\wamp64\\\\www\\\\w...')
#1 [internal function]: Composer\\Autoload\\ClassLoader->loadClass('Symfony\\\\Compone...')
#2 C:\\wamp64\\www\\work\\treys\\vendor\
esbot\\carbon\\src\\Carbon\\Translator.php(7): spl_autoload_call('Symfony\\\\Compone...')
#3 C:\\wamp64\\www\\work\\treys\\vendor\\composer\\ClassLoader.php(444): include('C:\\\\wamp64\\\\www\\\\w...')
#4 C:\\wamp64\\www\\work\\treys\\vendor\\composer\\ClassLoader.php(322): Composer\\Autoload\\includeFile('C:\\\\wamp64\\\\www\\\\w...')
#5 [internal function]: Composer\\Autoload\\ClassLoader->loadClass('Carbon\\\\Translat...')
#6 C:\\wamp64\\www\\work\\treys\\vendor\
esbot\\carbon\\src\\Carbon\\Carbon.php(1632): spl_autoload_call('Carbon\\\\Translat...')
#7 C:\\wamp64\\www\\work\\treys\\vendor\
esbot\\carbon\\src\\Carbon\\Carbon.php(1679): Carbon\\Carbon::translator()
#8 C:\\wamp64\\www\\work\\treys\\vendor\
esbot\\carbon\\src\\Carbon\\Laravel\\ServiceProvider.php(29): Carbon\\Carbon::setLocale('en')
#9 C:\\wamp64\\www\\work\\treys\\vendor\
esbot\\carbon\\src\\Carbon\\Laravel\\ServiceProvider.php(21): Carbon\\Laravel\\ServiceProvider->updateLocale()
#10 [internal function]: Carbon\\Laravel\\ServiceProvider->boot()
#11 C:\\wamp64\\www\\work\\treys\\vendor\\laravel\\framework\\src\\Illuminate\\Container\\BoundMethod.php(29): call_user_func_array(Array, Array)
#12 C:\\wamp64\\www\\work\\treys\\vendor\\laravel\\framework\\src\\Illuminate\\Container\\BoundMethod.php(87): Illuminate\\Container\\BoundMethod::Illuminate\\Container\\{closure}()
#13 C:\\wamp64\\www\\work\\treys\\vendor\\laravel\\framework\\src\\Illuminate\\Container\\BoundMethod.php(31): Illuminate\\Container\\BoundMethod::callBoundMethod(Object(Illuminate\\Foundation\\Application), Array, Object(Closure))
#14 C:\\wamp64\\www\\work\\treys\\vendor\\laravel\\framework\\src\\Illuminate\\Container\\Container.php(549): Illuminate\\Container\\BoundMethod::call(Object(Illuminate\\Foundation\\Application), Array, Array, NULL)
#15 C:\\wamp64\\www\\work\\treys\\vendor\\laravel\\framework\\src\\Illuminate\\Foundation\\Application.php(792): Illuminate\\Container\\Container->call(Array)
#16 C:\\wamp64\\www\\work\\treys\\vendor\\laravel\\framework\\src\\Illuminate\\Foundation\\Application.php(775): Illuminate\\Foundation\\Application->bootProvider(Object(Carbon\\Laravel\\ServiceProvider))
#17 [internal function]: Illuminate\\Foundation\\Application->Illuminate\\Foundation\\{closure}(Object(Carbon\\Laravel\\ServiceProvider), 18)
#18 C:\\wamp64\\www\\work\\treys\\vendor\\laravel\\framework\\src\\Illuminate\\Foundation\\Application.php(776): array_walk(Array, Object(Closure))
#19 C:\\wamp64\\www\\work\\treys\\vendor\\laravel\\framework\\src\\Illuminate\\Foundation\\Bootstrap\\BootProviders.php(17): Illuminate\\Foundation\\Application->boot()
#20 C:\\wamp64\\www\\work\\treys\\vendor\\laravel\\framework\\src\\Illuminate\\Foundation\\Application.php(213): Illuminate\\Foundation\\Bootstrap\\BootProviders->bootstrap(Object(Illuminate\\Foundation\\Application))
#21 C:\\wamp64\\www\\work\\treys\\vendor\\laravel\\framework\\src\\Illuminate\\Foundation\\Http\\Kernel.php(162): Illuminate\\Foundation\\Application->bootstrapWith(Array)
#22 C:\\wamp64\\www\\work\\treys\\vendor\\laravel\\framework\\src\\Illuminate\\Foundation\\Http\\Kernel.php(146): Illuminate\\Foundation\\Http\\Kernel->bootstrap()
#23 C:\\wamp64\\www\\work\\treys\\vendor\\laravel\\framework\\src\\Illuminate\\Foundation\\Http\\Kernel.php(116): Illuminate\\Foundation\\Http\\Kernel->sendRequestThroughRouter(Object(Illuminate\\Http\\Request))
#24 C:\\wamp64\\www\\work\\treys\\public\\index.php(55): Illuminate\\Foundation\\Http\\Kernel->handle(Object(Illuminate\\Http\\Request))
#25 {main}
"} 
[2021-08-23 16:45:22] local.ERROR: Parse error: syntax error, unexpected '?', expecting variable (T_VARIABLE) {"exception":"[object] (Symfony\\Component\\Debug\\Exception\\FatalThrowableError(code: 0): Parse error: syntax error, unexpected '?', expecting variable (T_VARIABLE) at C:\\wamp64\\www\\work\\treys\\vendor\\symfony\\translation\\Translator.php:91)
[stacktrace]
#0 C:\\wamp64\\www\\work\\treys\\vendor\\composer\\ClassLoader.php(322): Composer\\Autoload\\includeFile('C:\\\\wamp64\\\\www\\\\w...')
#1 [internal function]: Composer\\Autoload\\ClassLoader->loadClass('Symfony\\\\Compone...')
#2 C:\\wamp64\\www\\work\\treys\\vendor\
esbot\\carbon\\src\\Carbon\\Translator.php(7): spl_autoload_call('Symfony\\\\Compone...')
#3 C:\\wamp64\\www\\work\\treys\\vendor\\composer\\ClassLoader.php(444): include('C:\\\\wamp64\\\\www\\\\w...')
#4 C:\\wamp64\\www\\work\\treys\\vendor\\composer\\ClassLoader.php(322): Composer\\Autoload\\includeFile('C:\\\\wamp64\\\\www\\\\w...')
#5 [internal function]: Composer\\Autoload\\ClassLoader->loadClass('Carbon\\\\Translat...')
#6 C:\\wamp64\\www\\work\\treys\\vendor\
esbot\\carbon\\src\\Carbon\\Carbon.php(1632): spl_autoload_call('Carbon\\\\Translat...')
#7 C:\\wamp64\\www\\work\\treys\\vendor\
esbot\\carbon\\src\\Carbon\\Carbon.php(1679): Carbon\\Carbon::translator()
#8 C:\\wamp64\\www\\work\\treys\\vendor\
esbot\\carbon\\src\\Carbon\\Laravel\\ServiceProvider.php(29): Carbon\\Carbon::setLocale('en')
#9 C:\\wamp64\\www\\work\\treys\\vendor\
esbot\\carbon\\src\\Carbon\\Laravel\\ServiceProvider.php(21): Carbon\\Laravel\\ServiceProvider->updateLocale()
#10 [internal function]: Carbon\\Laravel\\ServiceProvider->boot()
#11 C:\\wamp64\\www\\work\\treys\\vendor\\laravel\\framework\\src\\Illuminate\\Container\\BoundMethod.php(29): call_user_func_array(Array, Array)
#12 C:\\wamp64\\www\\work\\treys\\vendor\\laravel\\framework\\src\\Illuminate\\Container\\BoundMethod.php(87): Illuminate\\Container\\BoundMethod::Illuminate\\Container\\{closure}()
#13 C:\\wamp64\\www\\work\\treys\\vendor\\laravel\\framework\\src\\Illuminate\\Container\\BoundMethod.php(31): Illuminate\\Container\\BoundMethod::callBoundMethod(Object(Illuminate\\Foundation\\Application), Array, Object(Closure))
#14 C:\\wamp64\\www\\work\\treys\\vendor\\laravel\\framework\\src\\Illuminate\\Container\\Container.php(549): Illuminate\\Container\\BoundMethod::call(Object(Illuminate\\Foundation\\Application), Array, Array, NULL)
#15 C:\\wamp64\\www\\work\\treys\\vendor\\laravel\\framework\\src\\Illuminate\\Foundation\\Application.php(792): Illuminate\\Container\\Container->call(Array)
#16 C:\\wamp64\\www\\work\\treys\\vendor\\laravel\\framework\\src\\Illuminate\\Foundation\\Application.php(775): Illuminate\\Foundation\\Application->bootProvider(Object(Carbon\\Laravel\\ServiceProvider))
#17 [internal function]: Illuminate\\Foundation\\Application->Illuminate\\Foundation\\{closure}(Object(Carbon\\Laravel\\ServiceProvider), 18)
#18 C:\\wamp64\\www\\work\\treys\\vendor\\laravel\\framework\\src\\Illuminate\\Foundation\\Application.php(776): array_walk(Array, Object(Closure))
#19 C:\\wamp64\\www\\work\\treys\\vendor\\laravel\\framework\\src\\Illuminate\\Foundation\\Bootstrap\\BootProviders.php(17): Illuminate\\Foundation\\Application->boot()
#20 C:\\wamp64\\www\\work\\treys\\vendor\\laravel\\framework\\src\\Illuminate\\Foundation\\Application.php(213): Illuminate\\Foundation\\Bootstrap\\BootProviders->bootstrap(Object(Illuminate\\Foundation\\Application))
#21 C:\\wamp64\\www\\work\\treys\\vendor\\laravel\\framework\\src\\Illuminate\\Foundation\\Http\\Kernel.php(162): Illuminate\\Foundation\\Application->bootstrapWith(Array)
#22 C:\\wamp64\\www\\work\\treys\\vendor\\laravel\\framework\\src\\Illuminate\\Foundation\\Http\\Kernel.php(146): Illuminate\\Foundation\\Http\\Kernel->bootstrap()
#23 C:\\wamp64\\www\\work\\treys\\vendor\\laravel\\framework\\src\\Illuminate\\Foundation\\Http\\Kernel.php(116): Illuminate\\Foundation\\Http\\Kernel->sendRequestThroughRouter(Object(Illuminate\\Http\\Request))
#24 C:\\wamp64\\www\\work\\treys\\public\\index.php(55): Illuminate\\Foundation\\Http\\Kernel->handle(Object(Illuminate\\Http\\Request))
#25 {main}
"} 
